[debug] [2017-08-23T20:21:33.463Z] ----------------------------------------------------------------------
[debug] [2017-08-23T20:21:33.466Z] Command:       /usr/local/bin/node /usr/local/bin/firebase deploy
[debug] [2017-08-23T20:21:33.467Z] CLI Version:   3.9.2
[debug] [2017-08-23T20:21:33.467Z] Platform:      darwin
[debug] [2017-08-23T20:21:33.467Z] Node Version:  v6.9.1
[debug] [2017-08-23T20:21:33.468Z] Time:          Wed Aug 23 2017 22:21:33 GMT+0200 (SAST)
[debug] [2017-08-23T20:21:33.468Z] ----------------------------------------------------------------------
[debug] 
[debug] [2017-08-23T20:21:33.483Z] > command requires scopes: ["email","openid","https://www.googleapis.com/auth/cloudplatformprojects.readonly","https://www.googleapis.com/auth/firebase","https://www.googleapis.com/auth/cloud-platform"]
[debug] [2017-08-23T20:21:33.484Z] > authorizing via signed-in user
[debug] [2017-08-23T20:21:33.486Z] > refreshing access token with scopes: ["email","https://www.googleapis.com/auth/cloud-platform","https://www.googleapis.com/auth/cloudplatformprojects.readonly","https://www.googleapis.com/auth/firebase","openid"]
[debug] [2017-08-23T20:21:33.486Z] >>> HTTP REQUEST POST https://www.googleapis.com/oauth2/v3/token { refresh_token: '1/qQGNDVIz_VZX1m2OfIFKnetDS-yiq9QbL4bVjpM5FNc',
  client_id: '563584335869-fgrhgmd47bqnekij5i8b5pr03ho849e6.apps.googleusercontent.com',
  client_secret: 'j9iVZfS8kkCEFUPaAeJV0sAi',
  grant_type: 'refresh_token',
  scope: 'email https://www.googleapis.com/auth/cloud-platform https://www.googleapis.com/auth/cloudplatformprojects.readonly https://www.googleapis.com/auth/firebase openid' } 
 Wed Aug 23 2017 22:21:33 GMT+0200 (SAST)
[debug] [2017-08-23T20:21:33.924Z] <<< HTTP RESPONSE 200
[debug] [2017-08-23T20:21:33.927Z] >>> HTTP REQUEST GET https://admin.firebase.com/v1/projects/afika-nyati-website  
 Wed Aug 23 2017 22:21:33 GMT+0200 (SAST)
[debug] [2017-08-23T20:21:35.476Z] <<< HTTP RESPONSE 200
[debug] [2017-08-23T20:21:35.477Z] >>> HTTP REQUEST GET https://admin.firebase.com/v1/database/afika-nyati-website/tokens  
 Wed Aug 23 2017 22:21:35 GMT+0200 (SAST)
[debug] [2017-08-23T20:21:36.532Z] <<< HTTP RESPONSE 200
[info] 
[info] === Deploying to 'afika-nyati-website'...
[info] 
[info] i  deploying database, functions, hosting
[info] ✔  database: rules ready to deploy.
[debug] [2017-08-23T20:21:40.398Z] > [functions] package.json contents: {
  "name": "functions",
  "description": "Cloud Functions for Firebase",
  "dependencies": {
    "firebase-admin": "~4.1.2",
    "firebase-functions": "^0.5"
  },
  "private": true
}
[info] i  functions: ensuring necessary APIs are enabled...
[info] i  runtimeconfig: ensuring necessary APIs are enabled...
[debug] [2017-08-23T20:21:40.400Z] >>> HTTP REQUEST GET https://servicemanagement.googleapis.com/v1/services/cloudfunctions.googleapis.com/projectSettings/afika-nyati-website?view=CONSUMER_VIEW  
 Wed Aug 23 2017 22:21:40 GMT+0200 (SAST)
[debug] [2017-08-23T20:21:40.401Z] >>> HTTP REQUEST GET https://servicemanagement.googleapis.com/v1/services/runtimeconfig.googleapis.com/projectSettings/afika-nyati-website?view=CONSUMER_VIEW  
 Wed Aug 23 2017 22:21:40 GMT+0200 (SAST)
[debug] [2017-08-23T20:21:42.725Z] <<< HTTP RESPONSE 200
[info] ✔  runtimeconfig: all necessary APIs are enabled
[debug] [2017-08-23T20:21:42.760Z] <<< HTTP RESPONSE 200
[info] ✔  functions: all necessary APIs are enabled
[debug] [2017-08-23T20:21:42.761Z] >>> HTTP REQUEST GET https://appengine.googleapis.com/v1/apps/afika-nyati-website  
 Wed Aug 23 2017 22:21:42 GMT+0200 (SAST)
[debug] [2017-08-23T20:21:42.762Z] >>> HTTP REQUEST GET https://apikeys.googleapis.com/v1/projects/afika-nyati-website/apiKeys  
 Wed Aug 23 2017 22:21:42 GMT+0200 (SAST)
[debug] [2017-08-23T20:21:44.755Z] <<< HTTP RESPONSE 200
[debug] [2017-08-23T20:21:44.792Z] <<< HTTP RESPONSE 200
[info] i  functions: preparing functions directory for uploading...
[debug] [2017-08-23T20:21:46.799Z] >>> HTTP REQUEST GET https://runtimeconfig.googleapis.com/v1beta1/projects/afika-nyati-website/configs  
 Wed Aug 23 2017 22:21:46 GMT+0200 (SAST)
[debug] [2017-08-23T20:21:47.556Z] <<< HTTP RESPONSE 200
[info] i  hosting: preparing build directory for upload...
[debug] [2017-08-23T20:21:49.669Z] >>> HTTP REQUEST PUT https://deploy.firebase.com/v1/hosting/afika-nyati-website/uploads/-KsFkVO85oxULnhDTlg1?fileCount=125&message=  
 Wed Aug 23 2017 22:21:49 GMT+0200 (SAST)
